Exception at PC 0x00007FF958E74008
Unable to capture context for thread 17960 in process 4416, can not generate back trace
Unable to capture context for thread 13880 in process 4416, can not generate back trace
Unable to capture context for thread 8672 in process 4416, can not generate back trace
Exception at PC 0x00007FF958E74008
Unable to capture context for thread 8672 in process 4416, can not generate back trace
Exception at PC 0x00007FF8FA76BB93
Printing stacktrace...

Exception at PC 0x00007FF958E74008
Exception at PC 0x00007FF958E74008
Exception at PC 0x00007FF958E74008
Exception at PC 0x00007FF958E74008
Exception at PC 0x00007FF958E74008
Exception at PC 0x00007FF958E74008
Exception at PC 0x00007FF958E74008
Exception at PC 0x00007FF958E74008
Exception at PC 0x00007FF958E74008
Exception at PC 0x00007FF958E74008
Exception at PC 0x00007FF958E74008
Exception at PC 0x00007FF958E74008
[0]  [0x00007FF8FA76BB93]
[1]  [0x00007FF8FA76BB93]
[2]  [0x00007FF8FA76B4A1]
[3]  [0x00007FF8FA76B3EF]
[4]  [0x00007FF8FA7519FE]
[5]  [0x00007FF8FA750ED1]
[6]  [0x00007FF8FA750D76]
[7]  [0x00007FF8FA6F79F6]
[8]  [0x00007FF8FA6E7AFB]
[9]  [0x00007FF8FA80E90A]
[10]  [0x00007FF8FA829F87]
[11]  [0x00007FF8FA82A05F]
[12] (BaseThreadInitThunk+0x14) [0x00007FF95B421FE4]
[13] (RtlUserThreadStart+0x21) [0x00007FF95CA0F061]
Done
Exception at PC 0x00007FF958E74008
Exception at PC 0x00007FF958E74008
Exception at PC 0x00007FF958E74008
Exception at PC 0x00007FF958E74008
Exception at PC 0x00007FF958E74008
Exception at PC 0x00007FF958E74008
