INFO: [VRFC 10-2263] Analyzing Verilog file "C:/Users/chris/Desktop/32BitDadda/32bitdadda/32bitdadda.srcs/sources_1/new/Full-Adder.v" into library xil_defaultlib
INFO: [VRFC 10-311] analyzing module FullAdder
INFO: [VRFC 10-2263] Analyzing Verilog file "C:/Users/chris/Desktop/32BitDadda/32bitdadda/32bitdadda.srcs/sources_1/new/AdderStage30.v" into library xil_defaultlib
INFO: [VRFC 10-311] analyzing module AdderStage30
INFO: [VRFC 10-2263] Analyzing Verilog file "C:/Users/chris/Desktop/32BitDadda/32bitdadda/32bitdadda.srcs/sources_1/new/AdderStage29.v" into library xil_defaultlib
INFO: [VRFC 10-311] analyzing module AdderStage29
INFO: [VRFC 10-2263] Analyzing Verilog file "C:/Users/chris/Desktop/32BitDadda/32bitdadda/32bitdadda.srcs/sources_1/new/AdderStage28.v" into library xil_defaultlib
INFO: [VRFC 10-311] analyzing module AdderStage28
INFO: [VRFC 10-2263] Analyzing Verilog file "C:/Users/chris/Desktop/32BitDadda/32bitdadda/32bitdadda.srcs/sources_1/new/AdderStage27.v" into library xil_defaultlib
INFO: [VRFC 10-311] analyzing module AdderStage27
INFO: [VRFC 10-2263] Analyzing Verilog file "C:/Users/chris/Desktop/32BitDadda/32bitdadda/32bitdadda.srcs/sources_1/new/AdderStage26.v" into library xil_defaultlib
INFO: [VRFC 10-311] analyzing module AdderStage26
INFO: [VRFC 10-2263] Analyzing Verilog file "C:/Users/chris/Desktop/32BitDadda/32bitdadda/32bitdadda.srcs/sources_1/new/AdderStage25.v" into library xil_defaultlib
INFO: [VRFC 10-311] analyzing module AdderStage25
INFO: [VRFC 10-2263] Analyzing Verilog file "C:/Users/chris/Desktop/32BitDadda/32bitdadda/32bitdadda.srcs/sources_1/new/AdderStage24.v" into library xil_defaultlib
INFO: [VRFC 10-311] analyzing module AdderStage24
INFO: [VRFC 10-2263] Analyzing Verilog file "C:/Users/chris/Desktop/32BitDadda/32bitdadda/32bitdadda.srcs/sources_1/new/AdderStage23.v" into library xil_defaultlib
INFO: [VRFC 10-311] analyzing module AdderStage23
INFO: [VRFC 10-2263] Analyzing Verilog file "C:/Users/chris/Desktop/32BitDadda/32bitdadda/32bitdadda.srcs/sources_1/new/AdderStage22.v" into library xil_defaultlib
INFO: [VRFC 10-311] analyzing module AdderStage22
INFO: [VRFC 10-2263] Analyzing Verilog file "C:/Users/chris/Desktop/32BitDadda/32bitdadda/32bitdadda.srcs/sources_1/new/AdderStage21.v" into library xil_defaultlib
INFO: [VRFC 10-311] analyzing module AdderStage21
INFO: [VRFC 10-2263] Analyzing Verilog file "C:/Users/chris/Desktop/32BitDadda/32bitdadda/32bitdadda.srcs/sources_1/new/AdderStage20.v" into library xil_defaultlib
INFO: [VRFC 10-311] analyzing module AdderStage20
INFO: [VRFC 10-2263] Analyzing Verilog file "C:/Users/chris/Desktop/32BitDadda/32bitdadda/32bitdadda.srcs/sources_1/new/AdderStage19.v" into library xil_defaultlib
INFO: [VRFC 10-311] analyzing module AdderStage19
INFO: [VRFC 10-2263] Analyzing Verilog file "C:/Users/chris/Desktop/32BitDadda/32bitdadda/32bitdadda.srcs/sources_1/new/AdderStage18.v" into library xil_defaultlib
INFO: [VRFC 10-311] analyzing module AdderStage18
INFO: [VRFC 10-2263] Analyzing Verilog file "C:/Users/chris/Desktop/32BitDadda/32bitdadda/32bitdadda.srcs/sources_1/new/AdderStage17.v" into library xil_defaultlib
INFO: [VRFC 10-311] analyzing module AdderStage17
INFO: [VRFC 10-2263] Analyzing Verilog file "C:/Users/chris/Desktop/32BitDadda/32bitdadda/32bitdadda.srcs/sources_1/new/AdderStage16.v" into library xil_defaultlib
INFO: [VRFC 10-311] analyzing module AdderStage16
INFO: [VRFC 10-2263] Analyzing Verilog file "C:/Users/chris/Desktop/32BitDadda/32bitdadda/32bitdadda.srcs/sources_1/new/AdderStage15.v" into library xil_defaultlib
INFO: [VRFC 10-311] analyzing module AdderStage15
INFO: [VRFC 10-2263] Analyzing Verilog file "C:/Users/chris/Desktop/32BitDadda/32bitdadda/32bitdadda.srcs/sources_1/new/AdderStage14.v" into library xil_defaultlib
INFO: [VRFC 10-311] analyzing module AdderStage14
INFO: [VRFC 10-2263] Analyzing Verilog file "C:/Users/chris/Desktop/32BitDadda/32bitdadda/32bitdadda.srcs/sources_1/new/AdderStage13.v" into library xil_defaultlib
INFO: [VRFC 10-311] analyzing module AdderStage13
INFO: [VRFC 10-2263] Analyzing Verilog file "C:/Users/chris/Desktop/32BitDadda/32bitdadda/32bitdadda.srcs/sources_1/new/AdderStage12.v" into library xil_defaultlib
INFO: [VRFC 10-311] analyzing module AdderStage12
INFO: [VRFC 10-2263] Analyzing Verilog file "C:/Users/chris/Desktop/32BitDadda/32bitdadda/32bitdadda.srcs/sources_1/new/AdderStage11.v" into library xil_defaultlib
INFO: [VRFC 10-311] analyzing module AdderStage11
INFO: [VRFC 10-2263] Analyzing Verilog file "C:/Users/chris/Desktop/32BitDadda/32bitdadda/32bitdadda.srcs/sources_1/new/AdderStage9.v" into library xil_defaultlib
INFO: [VRFC 10-311] analyzing module AdderStage9
INFO: [VRFC 10-2263] Analyzing Verilog file "C:/Users/chris/Desktop/32BitDadda/32bitdadda/32bitdadda.srcs/sources_1/new/AdderStage8.v" into library xil_defaultlib
INFO: [VRFC 10-311] analyzing module AdderStage8
INFO: [VRFC 10-2263] Analyzing Verilog file "C:/Users/chris/Desktop/32BitDadda/32bitdadda/32bitdadda.srcs/sources_1/new/AdderStage7.v" into library xil_defaultlib
INFO: [VRFC 10-311] analyzing module AdderStage7
INFO: [VRFC 10-2263] Analyzing Verilog file "C:/Users/chris/Desktop/32BitDadda/32bitdadda/32bitdadda.srcs/sources_1/new/AdderStage6.v" into library xil_defaultlib
INFO: [VRFC 10-311] analyzing module AdderStage6
INFO: [VRFC 10-2263] Analyzing Verilog file "C:/Users/chris/Desktop/32BitDadda/32bitdadda/32bitdadda.srcs/sources_1/new/AdderStage5.v" into library xil_defaultlib
INFO: [VRFC 10-311] analyzing module AdderStage5
INFO: [VRFC 10-2263] Analyzing Verilog file "C:/Users/chris/Desktop/32BitDadda/32bitdadda/32bitdadda.srcs/sources_1/new/AdderStage4.v" into library xil_defaultlib
INFO: [VRFC 10-311] analyzing module AdderStage4
INFO: [VRFC 10-2263] Analyzing Verilog file "C:/Users/chris/Desktop/32BitDadda/32bitdadda/32bitdadda.srcs/sources_1/new/AdderStage3.v" into library xil_defaultlib
INFO: [VRFC 10-311] analyzing module AdderStage3
INFO: [VRFC 10-2263] Analyzing Verilog file "C:/Users/chris/Desktop/32BitDadda/32bitdadda/32bitdadda.srcs/sources_1/new/AdderStage2.v" into library xil_defaultlib
INFO: [VRFC 10-311] analyzing module AdderStage2
INFO: [VRFC 10-2263] Analyzing Verilog file "C:/Users/chris/Desktop/32BitDadda/32bitdadda/32bitdadda.srcs/sources_1/new/AdderStage10.v" into library xil_defaultlib
INFO: [VRFC 10-311] analyzing module AdderStage10
INFO: [VRFC 10-2263] Analyzing Verilog file "C:/Users/chris/Desktop/32BitDadda/32bitdadda/32bitdadda.srcs/sources_1/new/AdderStage1.v" into library xil_defaultlib
INFO: [VRFC 10-311] analyzing module AdderStage1
INFO: [VRFC 10-2263] Analyzing Verilog file "C:/Users/chris/Desktop/32BitDadda/32bitdadda/32bitdadda.srcs/sources_1/new/AdderStage0.v" into library xil_defaultlib
INFO: [VRFC 10-311] analyzing module AdderStage0
INFO: [VRFC 10-2263] Analyzing Verilog file "C:/Users/chris/Desktop/32BitDadda/32bitdadda/32bitdadda.srcs/sources_1/new/PartialProductRow29.v" into library xil_defaultlib
INFO: [VRFC 10-311] analyzing module PartialProductRow29
INFO: [VRFC 10-2263] Analyzing Verilog file "C:/Users/chris/Desktop/32BitDadda/32bitdadda/32bitdadda.srcs/sources_1/new/PartialProductRow27.v" into library xil_defaultlib
INFO: [VRFC 10-311] analyzing module PartialProductRow27
INFO: [VRFC 10-2263] Analyzing Verilog file "C:/Users/chris/Desktop/32BitDadda/32bitdadda/32bitdadda.srcs/sources_1/new/PartialProductRow25.v" into library xil_defaultlib
INFO: [VRFC 10-311] analyzing module PartialProductRow25
INFO: [VRFC 10-2263] Analyzing Verilog file "C:/Users/chris/Desktop/32BitDadda/32bitdadda/32bitdadda.srcs/sources_1/new/PartialProductRow23.v" into library xil_defaultlib
INFO: [VRFC 10-311] analyzing module PartialProductRow23
INFO: [VRFC 10-2263] Analyzing Verilog file "C:/Users/chris/Desktop/32BitDadda/32bitdadda/32bitdadda.srcs/sources_1/new/PartialProductRow21.v" into library xil_defaultlib
INFO: [VRFC 10-311] analyzing module PartialProductRow21
INFO: [VRFC 10-2263] Analyzing Verilog file "C:/Users/chris/Desktop/32BitDadda/32bitdadda/32bitdadda.srcs/sources_1/new/PartialProductRow3.v" into library xil_defaultlib
INFO: [VRFC 10-311] analyzing module PartialProductRow3
INFO: [VRFC 10-2263] Analyzing Verilog file "C:/Users/chris/Desktop/32BitDadda/32bitdadda/32bitdadda.srcs/sources_1/new/PartialProductRow5.v" into library xil_defaultlib
INFO: [VRFC 10-311] analyzing module PartialProductRow5
INFO: [VRFC 10-2263] Analyzing Verilog file "C:/Users/chris/Desktop/32BitDadda/32bitdadda/32bitdadda.srcs/sources_1/new/PartialProductRow7.v" into library xil_defaultlib
INFO: [VRFC 10-311] analyzing module PartialProductRow7
INFO: [VRFC 10-2263] Analyzing Verilog file "C:/Users/chris/Desktop/32BitDadda/32bitdadda/32bitdadda.srcs/sources_1/new/PartialProductRow9.v" into library xil_defaultlib
INFO: [VRFC 10-311] analyzing module PartialProductRow9
INFO: [VRFC 10-2263] Analyzing Verilog file "C:/Users/chris/Desktop/32BitDadda/32bitdadda/32bitdadda.srcs/sources_1/new/PartialProductRow17.v" into library xil_defaultlib
INFO: [VRFC 10-311] analyzing module PartialProductRow17
INFO: [VRFC 10-2263] Analyzing Verilog file "C:/Users/chris/Desktop/32BitDadda/32bitdadda/32bitdadda.srcs/sources_1/new/PartialProductRow19.v" into library xil_defaultlib
INFO: [VRFC 10-311] analyzing module PartialProductRow19
INFO: [VRFC 10-2263] Analyzing Verilog file "C:/Users/chris/Desktop/32BitDadda/32bitdadda/32bitdadda.srcs/sources_1/new/PartialProductRow1.v" into library xil_defaultlib
INFO: [VRFC 10-311] analyzing module PartialProductRow1
INFO: [VRFC 10-2263] Analyzing Verilog file "C:/Users/chris/Desktop/32BitDadda/32bitdadda/32bitdadda.srcs/sources_1/new/PartialProductRow11.v" into library xil_defaultlib
INFO: [VRFC 10-311] analyzing module PartialProductRow11
INFO: [VRFC 10-2263] Analyzing Verilog file "C:/Users/chris/Desktop/32BitDadda/32bitdadda/32bitdadda.srcs/sources_1/new/PartialProductRow13.v" into library xil_defaultlib
INFO: [VRFC 10-311] analyzing module PartialProductRow13
INFO: [VRFC 10-2263] Analyzing Verilog file "C:/Users/chris/Desktop/32BitDadda/32bitdadda/32bitdadda.srcs/sources_1/new/PartialProductRow15.v" into library xil_defaultlib
INFO: [VRFC 10-311] analyzing module PartialProductRow15
INFO: [VRFC 10-2263] Analyzing Verilog file "C:/Users/chris/Desktop/32BitDadda/32bitdadda/32bitdadda.srcs/sources_1/new/PartialProductRow30.v" into library xil_defaultlib
INFO: [VRFC 10-311] analyzing module PartialProductRow30
INFO: [VRFC 10-2263] Analyzing Verilog file "C:/Users/chris/Desktop/32BitDadda/32bitdadda/32bitdadda.srcs/sources_1/new/PartialProductRow28.v" into library xil_defaultlib
INFO: [VRFC 10-311] analyzing module PartialProductRow28
INFO: [VRFC 10-2263] Analyzing Verilog file "C:/Users/chris/Desktop/32BitDadda/32bitdadda/32bitdadda.srcs/sources_1/new/PartialProductRow26.v" into library xil_defaultlib
INFO: [VRFC 10-311] analyzing module PartialProductRow26
INFO: [VRFC 10-2263] Analyzing Verilog file "C:/Users/chris/Desktop/32BitDadda/32bitdadda/32bitdadda.srcs/sources_1/new/PartialProductRow20.v" into library xil_defaultlib
INFO: [VRFC 10-311] analyzing module PartialProductRow20
INFO: [VRFC 10-2263] Analyzing Verilog file "C:/Users/chris/Desktop/32BitDadda/32bitdadda/32bitdadda.srcs/sources_1/new/PartialProductRow24.v" into library xil_defaultlib
INFO: [VRFC 10-311] analyzing module PartialProductRow24
INFO: [VRFC 10-2263] Analyzing Verilog file "C:/Users/chris/Desktop/32BitDadda/32bitdadda/32bitdadda.srcs/sources_1/new/PartialProductRow22.v" into library xil_defaultlib
INFO: [VRFC 10-311] analyzing module PartialProductRow22
INFO: [VRFC 10-2263] Analyzing Verilog file "C:/Users/chris/Desktop/32BitDadda/32bitdadda/32bitdadda.srcs/sources_1/new/FinalSum.v" into library xil_defaultlib
INFO: [VRFC 10-311] analyzing module FinalSum
INFO: [VRFC 10-2263] Analyzing Verilog file "C:/Users/chris/Desktop/32BitDadda/32bitdadda/32bitdadda.srcs/sources_1/new/PartialProductRow4.v" into library xil_defaultlib
INFO: [VRFC 10-311] analyzing module PartialProductRow4
INFO: [VRFC 10-2263] Analyzing Verilog file "C:/Users/chris/Desktop/32BitDadda/32bitdadda/32bitdadda.srcs/sources_1/new/PartialProductRow6.v" into library xil_defaultlib
INFO: [VRFC 10-311] analyzing module PartialProductRow6
INFO: [VRFC 10-2263] Analyzing Verilog file "C:/Users/chris/Desktop/32BitDadda/32bitdadda/32bitdadda.srcs/sources_1/new/PartialProductRow8.v" into library xil_defaultlib
INFO: [VRFC 10-311] analyzing module PartialProductRow8
INFO: [VRFC 10-2263] Analyzing Verilog file "C:/Users/chris/Desktop/32BitDadda/32bitdadda/32bitdadda.srcs/sources_1/new/PartialProductRow16.v" into library xil_defaultlib
INFO: [VRFC 10-311] analyzing module PartialProductRow16
INFO: [VRFC 10-2263] Analyzing Verilog file "C:/Users/chris/Desktop/32BitDadda/32bitdadda/32bitdadda.srcs/sources_1/new/PartialProductRow18.v" into library xil_defaultlib
INFO: [VRFC 10-311] analyzing module PartialProductRow18
INFO: [VRFC 10-2263] Analyzing Verilog file "C:/Users/chris/Desktop/32BitDadda/32bitdadda/32bitdadda.srcs/sources_1/new/PartialProductRow0.v" into library xil_defaultlib
INFO: [VRFC 10-311] analyzing module PartialProductRow0
INFO: [VRFC 10-2263] Analyzing Verilog file "C:/Users/chris/Desktop/32BitDadda/32bitdadda/32bitdadda.srcs/sources_1/new/PartialProductRow2.v" into library xil_defaultlib
INFO: [VRFC 10-311] analyzing module PartialProductRow2
INFO: [VRFC 10-2263] Analyzing Verilog file "C:/Users/chris/Desktop/32BitDadda/32bitdadda/32bitdadda.srcs/sources_1/new/PartialProductRow10.v" into library xil_defaultlib
INFO: [VRFC 10-311] analyzing module PartialProductRow10
INFO: [VRFC 10-2263] Analyzing Verilog file "C:/Users/chris/Desktop/32BitDadda/32bitdadda/32bitdadda.srcs/sources_1/new/PartialProductRow12.v" into library xil_defaultlib
INFO: [VRFC 10-311] analyzing module PartialProductRow12
INFO: [VRFC 10-2263] Analyzing Verilog file "C:/Users/chris/Desktop/32BitDadda/32bitdadda/32bitdadda.srcs/sources_1/new/PartialProductRow14.v" into library xil_defaultlib
INFO: [VRFC 10-311] analyzing module PartialProductRow14
INFO: [VRFC 10-2263] Analyzing Verilog file "C:/Users/chris/Desktop/32BitDadda/32bitdadda/32bitdadda.srcs/sources_1/new/PartialProductRow31.v" into library xil_defaultlib
INFO: [VRFC 10-311] analyzing module PartialProductRow31
INFO: [VRFC 10-2263] Analyzing Verilog file "C:/Users/chris/Desktop/32BitDadda/32bitdadda/32bitdadda.srcs/sources_1/new/DaddaMultiplier.v" into library xil_defaultlib
INFO: [VRFC 10-311] analyzing module DaddaMultiplier
INFO: [VRFC 10-2263] Analyzing Verilog file "C:/Users/chris/Desktop/32BitDadda/32bitdadda/32bitdadda.srcs/sim_1/new/4bit_tb.v" into library xil_defaultlib
INFO: [VRFC 10-311] analyzing module ThirtyTwobit_tb
INFO: [VRFC 10-2263] Analyzing Verilog file "C:/Users/chris/Desktop/32BitDadda/32bitdadda/32bitdadda.sim/sim_1/behav/glbl.v" into library xil_defaultlib
INFO: [VRFC 10-311] analyzing module glbl
